<?xml version="1.0" encoding="UTF-8"?>
<!-- Generated by org.testng.reporters.JUnitXMLReporter -->
<testsuite hostname="Lenovo-PC" ignored="2" name="Default test" tests="3" failures="0" timestamp="29 Jun 2020 11:54:47 GMT" time="122.329" errors="0">
  <testcase name="newContactsInformationTest" time="10.376" classname="com.crm.qa.testcases.ContactsPageTest"/>
  <testcase name="newContactsInformationTest" time="10.118" classname="com.crm.qa.testcases.ContactsPageTest"/>
  <testcase name="newContactsInformationTest" time="9.726" classname="com.crm.qa.testcases.ContactsPageTest"/>
  <testcase name="verifyContactsLabelTest" time="0.0" classname="com.crm.qa.testcases.ContactsPageTest">
    <ignored/>
  </testcase> <!-- verifyContactsLabelTest -->
  <testcase name="selectCheckBoxByTest" time="0.0" classname="com.crm.qa.testcases.ContactsPageTest">
    <ignored/>
  </testcase> <!-- selectCheckBoxByTest -->
</testsuite> <!-- Default test -->
