<?xml version="1.0" encoding="UTF-8"?>
<!-- Generated by org.testng.reporters.JUnitXMLReporter -->
<testsuite hostname="Lenovo-PC" ignored="4" name="Free CRM Test" tests="7" failures="0" timestamp="27 Jun 2020 11:16:57 GMT" time="205.312" errors="0">
  <testcase name="newContactsInformationTest" time="9.518" classname="com.crm.qa.testcases.ContactsPageTest"/>
  <testcase name="newContactsInformationTest" time="9.854" classname="com.crm.qa.testcases.ContactsPageTest"/>
  <testcase name="newContactsInformationTest" time="9.39" classname="com.crm.qa.testcases.ContactsPageTest"/>
  <testcase name="contactsLinkClickTest" time="2.552" classname="com.crm.qa.testcases.HomePageTest"/>
  <testcase name="loginTest" time="10.718" classname="com.crm.qa.testcases.LoginPageTest"/>
  <testcase name="validateCRMImageTest" time="0.231" classname="com.crm.qa.testcases.LoginPageTest"/>
  <testcase name="validateLoginPageTitleTest" time="0.139" classname="com.crm.qa.testcases.LoginPageTest"/>
  <testcase name="verifyContactsLabelTest" time="0.0" classname="com.crm.qa.testcases.ContactsPageTest">
    <ignored/>
  </testcase> <!-- verifyContactsLabelTest -->
  <testcase name="verifyUserNameLabelTest" time="0.0" classname="com.crm.qa.testcases.HomePageTest">
    <ignored/>
  </testcase> <!-- verifyUserNameLabelTest -->
  <testcase name="selectCheckBoxByTest" time="0.0" classname="com.crm.qa.testcases.ContactsPageTest">
    <ignored/>
  </testcase> <!-- selectCheckBoxByTest -->
  <testcase name="verifyHomePageTitleTest" time="0.0" classname="com.crm.qa.testcases.HomePageTest">
    <ignored/>
  </testcase> <!-- verifyHomePageTitleTest -->
</testsuite> <!-- Free CRM Test -->
