<?xml version="1.0" encoding="UTF-8"?>
<!-- Generated by org.testng.reporters.JUnitXMLReporter -->
<testsuite hostname="Lenovo-PC" ignored="4" name="Command line test" tests="7" failures="0" timestamp="29 Jun 2020 11:40:25 GMT" time="228.17" errors="0">
  <testcase name="newContactsInformationTest" time="10.117" classname="com.crm.qa.testcases.ContactsPageTest"/>
  <testcase name="newContactsInformationTest" time="10.177" classname="com.crm.qa.testcases.ContactsPageTest"/>
  <testcase name="newContactsInformationTest" time="10.336" classname="com.crm.qa.testcases.ContactsPageTest"/>
  <testcase name="contactsLinkClickTest" time="2.509" classname="com.crm.qa.testcases.HomePageTest"/>
  <testcase name="loginTest" time="11.898" classname="com.crm.qa.testcases.LoginPageTest"/>
  <testcase name="validateCRMImageTest" time="0.217" classname="com.crm.qa.testcases.LoginPageTest"/>
  <testcase name="validateLoginPageTitleTest" time="0.045" classname="com.crm.qa.testcases.LoginPageTest"/>
  <testcase name="verifyContactsLabelTest" time="0.0" classname="com.crm.qa.testcases.ContactsPageTest">
    <ignored/>
  </testcase> <!-- verifyContactsLabelTest -->
  <testcase name="verifyUserNameLabelTest" time="0.0" classname="com.crm.qa.testcases.HomePageTest">
    <ignored/>
  </testcase> <!-- verifyUserNameLabelTest -->
  <testcase name="selectCheckBoxByTest" time="0.0" classname="com.crm.qa.testcases.ContactsPageTest">
    <ignored/>
  </testcase> <!-- selectCheckBoxByTest -->
  <testcase name="verifyHomePageTitleTest" time="0.0" classname="com.crm.qa.testcases.HomePageTest">
    <ignored/>
  </testcase> <!-- verifyHomePageTitleTest -->
</testsuite> <!-- Command line test -->
