<?xml version="1.0" encoding="UTF-8" ?>
<testsuite tests="7" failures="0" name="TestSuite" time="45.309" errors="0" skipped="0">
  <properties>
[...]
</properties>
  <testcase classname="com.crm.qa.testcases.ContactsPageTest" name="newContactsInformationTest" time="10.123"/>
  <testcase classname="com.crm.qa.testcases.ContactsPageTest" name="newContactsInformationTest" time="10.177"/>
  <testcase classname="com.crm.qa.testcases.ContactsPageTest" name="newContactsInformationTest" time="10.336"/>
  <testcase classname="com.crm.qa.testcases.HomePageTest" name="contactsLinkClickTest" time="2.509"/>
  <testcase classname="com.crm.qa.testcases.LoginPageTest" name="loginTest" time="11.898"/>
  <testcase classname="com.crm.qa.testcases.LoginPageTest" name="validateCRMImageTest" time="0.216"/>
  <testcase classname="com.crm.qa.testcases.LoginPageTest" name="validateLoginPageTitleTest" time="0.05"/>
</testsuite>