<?xml version="1.0" encoding="UTF-8"?>
<testng-results skipped="0" failed="0" ignored="2" total="5" passed="3">
  <reporter-output>
  </reporter-output>
  <suite name="Default suite" duration-ms="122329" started-at="2020-06-29T11:52:45Z" finished-at="2020-06-29T11:54:47Z">
    <groups>
    </groups>
    <test name="Default test" duration-ms="122329" started-at="2020-06-29T11:52:45Z" finished-at="2020-06-29T11:54:47Z">
      <class name="com.crm.qa.testcases.ContactsPageTest">
        <test-method status="PASS" signature="setUp()[pri:0, instance:com.crm.qa.testcases.ContactsPageTest@42d80b78]" name="setUp" is-config="true" duration-ms="31575" started-at="2020-06-29T17:22:47Z" finished-at="2020-06-29T17:23:18Z">
          <reporter-output>
          </reporter-output>
        </test-method> <!-- setUp -->
        <test-method status="PASS" signature="newContactsInformationTest(java.lang.String, java.lang.String, java.lang.String, java.lang.String)[pri:0, instance:com.crm.qa.testcases.ContactsPageTest@42d80b78]" name="newContactsInformationTest" duration-ms="10376" started-at="2020-06-29T17:23:18Z" data-provider="contactPageTestData" finished-at="2020-06-29T17:23:29Z">
          <params>
            <param index="0">
              <value>
                <![CDATA[Mr.]]>
              </value>
            </param>
            <param index="1">
              <value>
                <![CDATA[Souvik]]>
              </value>
            </param>
            <param index="2">
              <value>
                <![CDATA[Banerjee]]>
              </value>
            </param>
            <param index="3">
              <value>
                <![CDATA[Google]]>
              </value>
            </param>
          </params>
          <reporter-output>
          </reporter-output>
        </test-method> <!-- newContactsInformationTest -->
        <test-method status="PASS" signature="tearDown()[pri:0, instance:com.crm.qa.testcases.ContactsPageTest@42d80b78]" name="tearDown" is-config="true" duration-ms="895" started-at="2020-06-29T17:23:29Z" finished-at="2020-06-29T17:23:30Z">
          <reporter-output>
          </reporter-output>
        </test-method> <!-- tearDown -->
        <test-method status="PASS" signature="setUp()[pri:0, instance:com.crm.qa.testcases.ContactsPageTest@42d80b78]" name="setUp" is-config="true" duration-ms="29001" started-at="2020-06-29T17:23:30Z" finished-at="2020-06-29T17:23:59Z">
          <reporter-output>
          </reporter-output>
        </test-method> <!-- setUp -->
        <test-method status="PASS" signature="newContactsInformationTest(java.lang.String, java.lang.String, java.lang.String, java.lang.String)[pri:0, instance:com.crm.qa.testcases.ContactsPageTest@42d80b78]" name="newContactsInformationTest" duration-ms="10118" started-at="2020-06-29T17:23:59Z" data-provider="contactPageTestData" finished-at="2020-06-29T17:24:09Z">
          <params>
            <param index="0">
              <value>
                <![CDATA[Miss]]>
              </value>
            </param>
            <param index="1">
              <value>
                <![CDATA[Illiana]]>
              </value>
            </param>
            <param index="2">
              <value>
                <![CDATA[Dcrouze]]>
              </value>
            </param>
            <param index="3">
              <value>
                <![CDATA[HP]]>
              </value>
            </param>
          </params>
          <reporter-output>
          </reporter-output>
        </test-method> <!-- newContactsInformationTest -->
        <test-method status="PASS" signature="tearDown()[pri:0, instance:com.crm.qa.testcases.ContactsPageTest@42d80b78]" name="tearDown" is-config="true" duration-ms="1046" started-at="2020-06-29T17:24:09Z" finished-at="2020-06-29T17:24:10Z">
          <reporter-output>
          </reporter-output>
        </test-method> <!-- tearDown -->
        <test-method status="PASS" signature="setUp()[pri:0, instance:com.crm.qa.testcases.ContactsPageTest@42d80b78]" name="setUp" is-config="true" duration-ms="26624" started-at="2020-06-29T17:24:10Z" finished-at="2020-06-29T17:24:36Z">
          <reporter-output>
          </reporter-output>
        </test-method> <!-- setUp -->
        <test-method status="PASS" signature="newContactsInformationTest(java.lang.String, java.lang.String, java.lang.String, java.lang.String)[pri:0, instance:com.crm.qa.testcases.ContactsPageTest@42d80b78]" name="newContactsInformationTest" duration-ms="9726" started-at="2020-06-29T17:24:36Z" data-provider="contactPageTestData" finished-at="2020-06-29T17:24:46Z">
          <params>
            <param index="0">
              <value>
                <![CDATA[Mrs.]]>
              </value>
            </param>
            <param index="1">
              <value>
                <![CDATA[Sharmi]]>
              </value>
            </param>
            <param index="2">
              <value>
                <![CDATA[Pandey]]>
              </value>
            </param>
            <param index="3">
              <value>
                <![CDATA[Microsoft]]>
              </value>
            </param>
          </params>
          <reporter-output>
          </reporter-output>
        </test-method> <!-- newContactsInformationTest -->
        <test-method status="PASS" signature="tearDown()[pri:0, instance:com.crm.qa.testcases.ContactsPageTest@42d80b78]" name="tearDown" is-config="true" duration-ms="1035" started-at="2020-06-29T17:24:46Z" finished-at="2020-06-29T17:24:47Z">
          <reporter-output>
          </reporter-output>
        </test-method> <!-- tearDown -->
      </class> <!-- com.crm.qa.testcases.ContactsPageTest -->
    </test> <!-- Default test -->
  </suite> <!-- Default suite -->
</testng-results>
